<?xml version="1.0" encoding="UTF-8"?>
<testsuite xmlns:xsi="http://www.w3.org/2001/XMLSchema-instance" xsi:noNamespaceSchemaLocation="https://maven.apache.org/surefire/maven-surefire-plugin/xsd/surefire-test-report-3.0.xsd" version="3.0" name="com.camunda.simulator.InputValidatorTest" time="0.005" tests="11" errors="0" skipped="0" failures="0">
  <properties>
[...]
</properties>
  <testcase name="invalidJsonIsRejected" classname="com.camunda.simulator.InputValidatorTest" time="0.0"/>
  <testcase name="validInputReturnsNoErrors" classname="com.camunda.simulator.InputValidatorTest" time="0.001"/>
  <testcase name="validateAndGetFirstErrorReturnsNullForValid" classname="com.camunda.simulator.InputValidatorTest" time="0.0"/>
  <testcase name="dealMarginPercentAsStringIsRejected" classname="com.camunda.simulator.InputValidatorTest" time="0.001"/>
  <testcase name="missingManualPriceCostIsRejected" classname="com.camunda.simulator.InputValidatorTest" time="0.0"/>
  <testcase name="missingDealMarginPercentIsRejected" classname="com.camunda.simulator.InputValidatorTest" time="0.001"/>
  <testcase name="emptyBodyIsRejected" classname="com.camunda.simulator.InputValidatorTest" time="0.0"/>
  <testcase name="dealMarginPercentAsBooleanIsRejected" classname="com.camunda.simulator.InputValidatorTest" time="0.001"/>
  <testcase name="manualPriceCostAsStringIsRejected" classname="com.camunda.simulator.InputValidatorTest" time="0.0"/>
  <testcase name="manualPriceCostAsNumberIsRejected" classname="com.camunda.simulator.InputValidatorTest" time="0.0"/>
  <testcase name="validateAndGetFirstErrorReturnsMessageForInvalid" classname="com.camunda.simulator.InputValidatorTest" time="0.0"/>
</testsuite>