<?xml version="1.0" encoding="UTF-8"?>
<testsuite xmlns:xsi="http://www.w3.org/2001/XMLSchema-instance" xsi:noNamespaceSchemaLocation="https://maven.apache.org/surefire/maven-surefire-plugin/xsd/surefire-test-report-3.0.xsd" version="3.0" name="com.camunda.simulator.ProcessEngineTest" time="0.325" tests="5" errors="0" skipped="0" failures="0">
  <properties>
[...]
</properties>
  <testcase name="testExecutionPath" classname="com.camunda.simulator.ProcessEngineTest" time="0.228">
    <system-out><![CDATA[DMN Decision Table Rules:
  Rule: false >=25 -> "Valid"
  Rule: false <25 -> "Invalid"
  Rule: true -> "Invalid"
DMN file reloaded. Decision key: entry_level_camunda_exercise_v1_0
DMN Decision Table Rules:
  Rule: false >=25 -> "Valid"
  Rule: false <25 -> "Invalid"
  Rule: true -> "Invalid"
DMN file reloaded. Decision key: entry_level_camunda_exercise_v1_0
DMN model instance changed - new file loaded
Evaluating DMN decision: entry_level_camunda_exercise_v1_0 with variables: {dealMarginPercent=25.0, manualPriceCost=false}
DMN model instance hash: 749100260
DMN evaluation result: Valid
]]></system-out>
    <system-err><![CDATA[SLF4J: Failed to load class "org.slf4j.impl.StaticLoggerBinder".
SLF4J: Defaulting to no-operation (NOP) logger implementation
SLF4J: See http://www.slf4j.org/codes.html#StaticLoggerBinder for further details.
]]></system-err>
  </testcase>
  <testcase name="testProcessVariables" classname="com.camunda.simulator.ProcessEngineTest" time="0.025">
    <system-out><![CDATA[DMN Decision Table Rules:
  Rule: false >=25 -> "Valid"
  Rule: false <25 -> "Invalid"
  Rule: true -> "Invalid"
DMN file reloaded. Decision key: entry_level_camunda_exercise_v1_0
DMN Decision Table Rules:
  Rule: false >=25 -> "Valid"
  Rule: false <25 -> "Invalid"
  Rule: true -> "Invalid"
DMN file reloaded. Decision key: entry_level_camunda_exercise_v1_0
DMN model instance changed - new file loaded
Evaluating DMN decision: entry_level_camunda_exercise_v1_0 with variables: {dealMarginPercent=25.0, manualPriceCost=false}
DMN model instance hash: 1047477166
DMN evaluation result: Valid
]]></system-out>
  </testcase>
  <testcase name="testManualPricingInvalid" classname="com.camunda.simulator.ProcessEngineTest" time="0.025">
    <system-out><![CDATA[DMN Decision Table Rules:
  Rule: false >=25 -> "Valid"
  Rule: false <25 -> "Invalid"
  Rule: true -> "Invalid"
DMN file reloaded. Decision key: entry_level_camunda_exercise_v1_0
DMN Decision Table Rules:
  Rule: false >=25 -> "Valid"
  Rule: false <25 -> "Invalid"
  Rule: true -> "Invalid"
DMN file reloaded. Decision key: entry_level_camunda_exercise_v1_0
DMN model instance changed - new file loaded
Evaluating DMN decision: entry_level_camunda_exercise_v1_0 with variables: {dealMarginPercent=30.0, manualPriceCost=true}
DMN model instance hash: 129371198
DMN evaluation result: Invalid
]]></system-out>
  </testcase>
  <testcase name="testValidScenario" classname="com.camunda.simulator.ProcessEngineTest" time="0.022">
    <system-out><![CDATA[DMN Decision Table Rules:
  Rule: false >=25 -> "Valid"
  Rule: false <25 -> "Invalid"
  Rule: true -> "Invalid"
DMN file reloaded. Decision key: entry_level_camunda_exercise_v1_0
DMN Decision Table Rules:
  Rule: false >=25 -> "Valid"
  Rule: false <25 -> "Invalid"
  Rule: true -> "Invalid"
DMN file reloaded. Decision key: entry_level_camunda_exercise_v1_0
DMN model instance changed - new file loaded
Evaluating DMN decision: entry_level_camunda_exercise_v1_0 with variables: {dealMarginPercent=25.0, manualPriceCost=false}
DMN model instance hash: 632841653
DMN evaluation result: Valid
]]></system-out>
  </testcase>
  <testcase name="testLowMarginInvalid" classname="com.camunda.simulator.ProcessEngineTest" time="0.016">
    <system-out><![CDATA[DMN Decision Table Rules:
  Rule: false >=25 -> "Valid"
  Rule: false <25 -> "Invalid"
  Rule: true -> "Invalid"
DMN file reloaded. Decision key: entry_level_camunda_exercise_v1_0
DMN Decision Table Rules:
  Rule: false >=25 -> "Valid"
  Rule: false <25 -> "Invalid"
  Rule: true -> "Invalid"
DMN file reloaded. Decision key: entry_level_camunda_exercise_v1_0
DMN model instance changed - new file loaded
Evaluating DMN decision: entry_level_camunda_exercise_v1_0 with variables: {dealMarginPercent=24.0, manualPriceCost=false}
DMN model instance hash: 1457148583
DMN evaluation result: Invalid
]]></system-out>
  </testcase>
</testsuite>