<?xml version="1.0" encoding="UTF-8"?>
<testsuite xmlns:xsi="http://www.w3.org/2001/XMLSchema-instance" xsi:noNamespaceSchemaLocation="https://maven.apache.org/surefire/maven-surefire-plugin/xsd/surefire-test-report-3.0.xsd" version="3.0" name="com.camunda.simulator.ProcessEngineTest" time="0.663" tests="6" errors="0" skipped="0" failures="0">
  <properties>
[...]
</properties>
  <testcase name="testExecutionPath" classname="com.camunda.simulator.ProcessEngineTest" time="0.325">
    <system-out><![CDATA[DMN Decision Table Rules:
  Rule: false >=25 -> "Valid"
  Rule: false <25 -> "Invalid"
  Rule: true -> "Invalid"
DMN file reloaded. Decision key: entry_level_camunda_exercise_v1_0
Mapped variables for DMN: dealMarginPercent=25.0, manualPriceCost=false
Evaluating DMN with variables: {dealMarginPercent=25.0, manualPriceCost=false}
DMN Decision Table Rules:
  Rule: false >=25 -> "Valid"
  Rule: false <25 -> "Invalid"
  Rule: true -> "Invalid"
DMN file reloaded. Decision key: entry_level_camunda_exercise_v1_0
DMN model instance changed - new file loaded
Evaluating DMN decision: entry_level_camunda_exercise_v1_0 with variables: {dealMarginPercent=25.0, manualPriceCost=false}
DMN model instance hash: 1414934182
DMN evaluation result: Valid
Evaluating DMN with variables: {dealMarginPercent=25.0, manualPriceCost=false}
DMN Decision Table Rules:
  Rule: false >=25 -> "Valid"
  Rule: false <25 -> "Invalid"
  Rule: true -> "Invalid"
DMN file reloaded. Decision key: entry_level_camunda_exercise_v1_0
DMN model instance changed - new file loaded
Evaluating DMN decision: entry_level_camunda_exercise_v1_0 with variables: {dealMarginPercent=25.0, manualPriceCost=false}
DMN model instance hash: 1329938019
DMN evaluation result: Valid
Evaluating condition: quoteValidity = "Invalid"
  quoteValidity value: Valid
  Condition result: false
Using default flow -> Set Status (3000)
]]></system-out>
    <system-err><![CDATA[SLF4J: Failed to load class "org.slf4j.impl.StaticLoggerBinder".
SLF4J: Defaulting to no-operation (NOP) logger implementation
SLF4J: See http://www.slf4j.org/codes.html#StaticLoggerBinder for further details.
]]></system-err>
  </testcase>
  <testcase name="testProcessVariables" classname="com.camunda.simulator.ProcessEngineTest" time="0.035">
    <system-out><![CDATA[DMN Decision Table Rules:
  Rule: false >=25 -> "Valid"
  Rule: false <25 -> "Invalid"
  Rule: true -> "Invalid"
DMN file reloaded. Decision key: entry_level_camunda_exercise_v1_0
Mapped variables for DMN: dealMarginPercent=25.0, manualPriceCost=false
Evaluating DMN with variables: {dealMarginPercent=25.0, manualPriceCost=false}
DMN Decision Table Rules:
  Rule: false >=25 -> "Valid"
  Rule: false <25 -> "Invalid"
  Rule: true -> "Invalid"
DMN file reloaded. Decision key: entry_level_camunda_exercise_v1_0
DMN model instance changed - new file loaded
Evaluating DMN decision: entry_level_camunda_exercise_v1_0 with variables: {dealMarginPercent=25.0, manualPriceCost=false}
DMN model instance hash: 579660439
DMN evaluation result: Valid
Evaluating DMN with variables: {dealMarginPercent=25.0, manualPriceCost=false}
DMN Decision Table Rules:
  Rule: false >=25 -> "Valid"
  Rule: false <25 -> "Invalid"
  Rule: true -> "Invalid"
DMN file reloaded. Decision key: entry_level_camunda_exercise_v1_0
DMN model instance changed - new file loaded
Evaluating DMN decision: entry_level_camunda_exercise_v1_0 with variables: {dealMarginPercent=25.0, manualPriceCost=false}
DMN model instance hash: 356308667
DMN evaluation result: Valid
Evaluating condition: quoteValidity = "Invalid"
  quoteValidity value: Valid
  Condition result: false
Using default flow -> Set Status (3000)
]]></system-out>
  </testcase>
  <testcase name="testBpmnValidationAllScenarios" classname="com.camunda.simulator.ProcessEngineTest" time="0.242">
    <system-out><![CDATA[DMN Decision Table Rules:
  Rule: false >=25 -> "Valid"
  Rule: false <25 -> "Invalid"
  Rule: true -> "Invalid"
DMN file reloaded. Decision key: entry_level_camunda_exercise_v1_0
Mapped variables for DMN: dealMarginPercent=30.0, manualPriceCost=true
Evaluating DMN with variables: {dealMarginPercent=30.0, manualPriceCost=true}
DMN Decision Table Rules:
  Rule: false >=25 -> "Valid"
  Rule: false <25 -> "Invalid"
  Rule: true -> "Invalid"
DMN file reloaded. Decision key: entry_level_camunda_exercise_v1_0
DMN model instance changed - new file loaded
Evaluating DMN decision: entry_level_camunda_exercise_v1_0 with variables: {dealMarginPercent=30.0, manualPriceCost=true}
DMN model instance hash: 858267892
DMN evaluation result: Invalid
Evaluating DMN with variables: {dealMarginPercent=30.0, manualPriceCost=true}
DMN Decision Table Rules:
  Rule: false >=25 -> "Valid"
  Rule: false <25 -> "Invalid"
  Rule: true -> "Invalid"
DMN file reloaded. Decision key: entry_level_camunda_exercise_v1_0
DMN model instance changed - new file loaded
Evaluating DMN decision: entry_level_camunda_exercise_v1_0 with variables: {dealMarginPercent=30.0, manualPriceCost=true}
DMN model instance hash: 2130606983
DMN evaluation result: Invalid
Evaluating condition: quoteValidity = "Invalid"
  quoteValidity value: Invalid
  Condition result: true
Gateway condition matched: =quoteValidity = "Invalid" -> Set Status (4000)
Mapped variables for DMN: dealMarginPercent=0.0, manualPriceCost=true
Evaluating DMN with variables: {dealMarginPercent=0.0, manualPriceCost=true}
DMN Decision Table Rules:
  Rule: false >=25 -> "Valid"
  Rule: false <25 -> "Invalid"
  Rule: true -> "Invalid"
DMN file reloaded. Decision key: entry_level_camunda_exercise_v1_0
DMN model instance changed - new file loaded
Evaluating DMN decision: entry_level_camunda_exercise_v1_0 with variables: {dealMarginPercent=0.0, manualPriceCost=true}
DMN model instance hash: 82517097
DMN evaluation result: Invalid
Evaluating DMN with variables: {dealMarginPercent=0.0, manualPriceCost=true}
DMN Decision Table Rules:
  Rule: false >=25 -> "Valid"
  Rule: false <25 -> "Invalid"
  Rule: true -> "Invalid"
DMN file reloaded. Decision key: entry_level_camunda_exercise_v1_0
DMN model instance changed - new file loaded
Evaluating DMN decision: entry_level_camunda_exercise_v1_0 with variables: {dealMarginPercent=0.0, manualPriceCost=true}
DMN model instance hash: 724886412
DMN evaluation result: Invalid
Evaluating condition: quoteValidity = "Invalid"
  quoteValidity value: Invalid
  Condition result: true
Gateway condition matched: =quoteValidity = "Invalid" -> Set Status (4000)
Mapped variables for DMN: dealMarginPercent=99.0, manualPriceCost=true
Evaluating DMN with variables: {dealMarginPercent=99.0, manualPriceCost=true}
DMN Decision Table Rules:
  Rule: false >=25 -> "Valid"
  Rule: false <25 -> "Invalid"
  Rule: true -> "Invalid"
DMN file reloaded. Decision key: entry_level_camunda_exercise_v1_0
DMN model instance changed - new file loaded
Evaluating DMN decision: entry_level_camunda_exercise_v1_0 with variables: {dealMarginPercent=99.0, manualPriceCost=true}
DMN model instance hash: 435626542
DMN evaluation result: Invalid
Evaluating DMN with variables: {dealMarginPercent=99.0, manualPriceCost=true}
DMN Decision Table Rules:
  Rule: false >=25 -> "Valid"
  Rule: false <25 -> "Invalid"
  Rule: true -> "Invalid"
DMN file reloaded. Decision key: entry_level_camunda_exercise_v1_0
DMN model instance changed - new file loaded
Evaluating DMN decision: entry_level_camunda_exercise_v1_0 with variables: {dealMarginPercent=99.0, manualPriceCost=true}
DMN model instance hash: 1891974590
DMN evaluation result: Invalid
Evaluating condition: quoteValidity = "Invalid"
  quoteValidity value: Invalid
  Condition result: true
Gateway condition matched: =quoteValidity = "Invalid" -> Set Status (4000)
Mapped variables for DMN: dealMarginPercent=24.0, manualPriceCost=false
Evaluating DMN with variables: {dealMarginPercent=24.0, manualPriceCost=false}
DMN Decision Table Rules:
  Rule: false >=25 -> "Valid"
  Rule: false <25 -> "Invalid"
  Rule: true -> "Invalid"
DMN file reloaded. Decision key: entry_level_camunda_exercise_v1_0
DMN model instance changed - new file loaded
Evaluating DMN decision: entry_level_camunda_exercise_v1_0 with variables: {dealMarginPercent=24.0, manualPriceCost=false}
DMN model instance hash: 680306160
DMN evaluation result: Invalid
Evaluating DMN with variables: {dealMarginPercent=24.0, manualPriceCost=false}
DMN Decision Table Rules:
  Rule: false >=25 -> "Valid"
  Rule: false <25 -> "Invalid"
  Rule: true -> "Invalid"
DMN file reloaded. Decision key: entry_level_camunda_exercise_v1_0
DMN model instance changed - new file loaded
Evaluating DMN decision: entry_level_camunda_exercise_v1_0 with variables: {dealMarginPercent=24.0, manualPriceCost=false}
DMN model instance hash: 2054332292
DMN evaluation result: Invalid
Evaluating condition: quoteValidity = "Invalid"
  quoteValidity value: Invalid
  Condition result: true
Gateway condition matched: =quoteValidity = "Invalid" -> Set Status (4000)
Mapped variables for DMN: dealMarginPercent=0.0, manualPriceCost=false
Evaluating DMN with variables: {dealMarginPercent=0.0, manualPriceCost=false}
DMN Decision Table Rules:
  Rule: false >=25 -> "Valid"
  Rule: false <25 -> "Invalid"
  Rule: true -> "Invalid"
DMN file reloaded. Decision key: entry_level_camunda_exercise_v1_0
DMN model instance changed - new file loaded
Evaluating DMN decision: entry_level_camunda_exercise_v1_0 with variables: {dealMarginPercent=0.0, manualPriceCost=false}
DMN model instance hash: 1127434428
DMN evaluation result: Invalid
Evaluating DMN with variables: {dealMarginPercent=0.0, manualPriceCost=false}
DMN Decision Table Rules:
  Rule: false >=25 -> "Valid"
  Rule: false <25 -> "Invalid"
  Rule: true -> "Invalid"
DMN file reloaded. Decision key: entry_level_camunda_exercise_v1_0
DMN model instance changed - new file loaded
Evaluating DMN decision: entry_level_camunda_exercise_v1_0 with variables: {dealMarginPercent=0.0, manualPriceCost=false}
DMN model instance hash: 203924386
DMN evaluation result: Invalid
Evaluating condition: quoteValidity = "Invalid"
  quoteValidity value: Invalid
  Condition result: true
Gateway condition matched: =quoteValidity = "Invalid" -> Set Status (4000)
Mapped variables for DMN: dealMarginPercent=1.0, manualPriceCost=false
Evaluating DMN with variables: {dealMarginPercent=1.0, manualPriceCost=false}
DMN Decision Table Rules:
  Rule: false >=25 -> "Valid"
  Rule: false <25 -> "Invalid"
  Rule: true -> "Invalid"
DMN file reloaded. Decision key: entry_level_camunda_exercise_v1_0
DMN model instance changed - new file loaded
Evaluating DMN decision: entry_level_camunda_exercise_v1_0 with variables: {dealMarginPercent=1.0, manualPriceCost=false}
DMN model instance hash: 1088649990
DMN evaluation result: Invalid
Evaluating DMN with variables: {dealMarginPercent=1.0, manualPriceCost=false}
DMN Decision Table Rules:
  Rule: false >=25 -> "Valid"
  Rule: false <25 -> "Invalid"
  Rule: true -> "Invalid"
DMN file reloaded. Decision key: entry_level_camunda_exercise_v1_0
DMN model instance changed - new file loaded
Evaluating DMN decision: entry_level_camunda_exercise_v1_0 with variables: {dealMarginPercent=1.0, manualPriceCost=false}
DMN model instance hash: 387377349
DMN evaluation result: Invalid
Evaluating condition: quoteValidity = "Invalid"
  quoteValidity value: Invalid
  Condition result: true
Gateway condition matched: =quoteValidity = "Invalid" -> Set Status (4000)
Mapped variables for DMN: dealMarginPercent=23.0, manualPriceCost=false
Evaluating DMN with variables: {dealMarginPercent=23.0, manualPriceCost=false}
DMN Decision Table Rules:
  Rule: false >=25 -> "Valid"
  Rule: false <25 -> "Invalid"
  Rule: true -> "Invalid"
DMN file reloaded. Decision key: entry_level_camunda_exercise_v1_0
DMN model instance changed - new file loaded
Evaluating DMN decision: entry_level_camunda_exercise_v1_0 with variables: {dealMarginPercent=23.0, manualPriceCost=false}
DMN model instance hash: 1587818510
DMN evaluation result: Invalid
Evaluating DMN with variables: {dealMarginPercent=23.0, manualPriceCost=false}
DMN Decision Table Rules:
  Rule: false >=25 -> "Valid"
  Rule: false <25 -> "Invalid"
  Rule: true -> "Invalid"
DMN file reloaded. Decision key: entry_level_camunda_exercise_v1_0
DMN model instance changed - new file loaded
Evaluating DMN decision: entry_level_camunda_exercise_v1_0 with variables: {dealMarginPercent=23.0, manualPriceCost=false}
DMN model instance hash: 182639397
DMN evaluation result: Invalid
Evaluating condition: quoteValidity = "Invalid"
  quoteValidity value: Invalid
  Condition result: true
Gateway condition matched: =quoteValidity = "Invalid" -> Set Status (4000)
Mapped variables for DMN: dealMarginPercent=24.99, manualPriceCost=false
Evaluating DMN with variables: {dealMarginPercent=24.99, manualPriceCost=false}
DMN Decision Table Rules:
  Rule: false >=25 -> "Valid"
  Rule: false <25 -> "Invalid"
  Rule: true -> "Invalid"
DMN file reloaded. Decision key: entry_level_camunda_exercise_v1_0
DMN model instance changed - new file loaded
Evaluating DMN decision: entry_level_camunda_exercise_v1_0 with variables: {dealMarginPercent=24.99, manualPriceCost=false}
DMN model instance hash: 1146859833
DMN evaluation result: Invalid
Evaluating DMN with variables: {dealMarginPercent=24.99, manualPriceCost=false}
DMN Decision Table Rules:
  Rule: false >=25 -> "Valid"
  Rule: false <25 -> "Invalid"
  Rule: true -> "Invalid"
DMN file reloaded. Decision key: entry_level_camunda_exercise_v1_0
DMN model instance changed - new file loaded
Evaluating DMN decision: entry_level_camunda_exercise_v1_0 with variables: {dealMarginPercent=24.99, manualPriceCost=false}
DMN model instance hash: 1927452108
DMN evaluation result: Invalid
Evaluating condition: quoteValidity = "Invalid"
  quoteValidity value: Invalid
  Condition result: true
Gateway condition matched: =quoteValidity = "Invalid" -> Set Status (4000)
Mapped variables for DMN: dealMarginPercent=24.9, manualPriceCost=false
Evaluating DMN with variables: {dealMarginPercent=24.9, manualPriceCost=false}
DMN Decision Table Rules:
  Rule: false >=25 -> "Valid"
  Rule: false <25 -> "Invalid"
  Rule: true -> "Invalid"
DMN file reloaded. Decision key: entry_level_camunda_exercise_v1_0
DMN model instance changed - new file loaded
Evaluating DMN decision: entry_level_camunda_exercise_v1_0 with variables: {dealMarginPercent=24.9, manualPriceCost=false}
DMN model instance hash: 1117747481
DMN evaluation result: Invalid
Evaluating DMN with variables: {dealMarginPercent=24.9, manualPriceCost=false}
DMN Decision Table Rules:
  Rule: false >=25 -> "Valid"
  Rule: false <25 -> "Invalid"
  Rule: true -> "Invalid"
DMN file reloaded. Decision key: entry_level_camunda_exercise_v1_0
DMN model instance changed - new file loaded
Evaluating DMN decision: entry_level_camunda_exercise_v1_0 with variables: {dealMarginPercent=24.9, manualPriceCost=false}
DMN model instance hash: 898283008
DMN evaluation result: Invalid
Evaluating condition: quoteValidity = "Invalid"
  quoteValidity value: Invalid
  Condition result: true
Gateway condition matched: =quoteValidity = "Invalid" -> Set Status (4000)
Mapped variables for DMN: dealMarginPercent=25.0, manualPriceCost=false
Evaluating DMN with variables: {dealMarginPercent=25.0, manualPriceCost=false}
DMN Decision Table Rules:
  Rule: false >=25 -> "Valid"
  Rule: false <25 -> "Invalid"
  Rule: true -> "Invalid"
DMN file reloaded. Decision key: entry_level_camunda_exercise_v1_0
DMN model instance changed - new file loaded
Evaluating DMN decision: entry_level_camunda_exercise_v1_0 with variables: {dealMarginPercent=25.0, manualPriceCost=false}
DMN model instance hash: 24404443
DMN evaluation result: Valid
Evaluating DMN with variables: {dealMarginPercent=25.0, manualPriceCost=false}
DMN Decision Table Rules:
  Rule: false >=25 -> "Valid"
  Rule: false <25 -> "Invalid"
  Rule: true -> "Invalid"
DMN file reloaded. Decision key: entry_level_camunda_exercise_v1_0
DMN model instance changed - new file loaded
Evaluating DMN decision: entry_level_camunda_exercise_v1_0 with variables: {dealMarginPercent=25.0, manualPriceCost=false}
DMN model instance hash: 716117291
DMN evaluation result: Valid
Evaluating condition: quoteValidity = "Invalid"
  quoteValidity value: Valid
  Condition result: false
Using default flow -> Set Status (3000)
Mapped variables for DMN: dealMarginPercent=25.01, manualPriceCost=false
Evaluating DMN with variables: {dealMarginPercent=25.01, manualPriceCost=false}
DMN Decision Table Rules:
  Rule: false >=25 -> "Valid"
  Rule: false <25 -> "Invalid"
  Rule: true -> "Invalid"
DMN file reloaded. Decision key: entry_level_camunda_exercise_v1_0
DMN model instance changed - new file loaded
Evaluating DMN decision: entry_level_camunda_exercise_v1_0 with variables: {dealMarginPercent=25.01, manualPriceCost=false}
DMN model instance hash: 1680085972
DMN evaluation result: Valid
Evaluating DMN with variables: {dealMarginPercent=25.01, manualPriceCost=false}
DMN Decision Table Rules:
  Rule: false >=25 -> "Valid"
  Rule: false <25 -> "Invalid"
  Rule: true -> "Invalid"
DMN file reloaded. Decision key: entry_level_camunda_exercise_v1_0
DMN model instance changed - new file loaded
Evaluating DMN decision: entry_level_camunda_exercise_v1_0 with variables: {dealMarginPercent=25.01, manualPriceCost=false}
DMN model instance hash: 1395533739
DMN evaluation result: Valid
Evaluating condition: quoteValidity = "Invalid"
  quoteValidity value: Valid
  Condition result: false
Using default flow -> Set Status (3000)
Mapped variables for DMN: dealMarginPercent=25.1, manualPriceCost=false
Evaluating DMN with variables: {dealMarginPercent=25.1, manualPriceCost=false}
DMN Decision Table Rules:
  Rule: false >=25 -> "Valid"
  Rule: false <25 -> "Invalid"
  Rule: true -> "Invalid"
DMN file reloaded. Decision key: entry_level_camunda_exercise_v1_0
DMN model instance changed - new file loaded
Evaluating DMN decision: entry_level_camunda_exercise_v1_0 with variables: {dealMarginPercent=25.1, manualPriceCost=false}
DMN model instance hash: 1399691256
DMN evaluation result: Valid
Evaluating DMN with variables: {dealMarginPercent=25.1, manualPriceCost=false}
DMN Decision Table Rules:
  Rule: false >=25 -> "Valid"
  Rule: false <25 -> "Invalid"
  Rule: true -> "Invalid"
DMN file reloaded. Decision key: entry_level_camunda_exercise_v1_0
DMN model instance changed - new file loaded
Evaluating DMN decision: entry_level_camunda_exercise_v1_0 with variables: {dealMarginPercent=25.1, manualPriceCost=false}
DMN model instance hash: 934993374
DMN evaluation result: Valid
Evaluating condition: quoteValidity = "Invalid"
  quoteValidity value: Valid
  Condition result: false
Using default flow -> Set Status (3000)
Mapped variables for DMN: dealMarginPercent=26.0, manualPriceCost=false
Evaluating DMN with variables: {dealMarginPercent=26.0, manualPriceCost=false}
DMN Decision Table Rules:
  Rule: false >=25 -> "Valid"
  Rule: false <25 -> "Invalid"
  Rule: true -> "Invalid"
DMN file reloaded. Decision key: entry_level_camunda_exercise_v1_0
DMN model instance changed - new file loaded
Evaluating DMN decision: entry_level_camunda_exercise_v1_0 with variables: {dealMarginPercent=26.0, manualPriceCost=false}
DMN model instance hash: 2084457242
DMN evaluation result: Valid
Evaluating DMN with variables: {dealMarginPercent=26.0, manualPriceCost=false}
DMN Decision Table Rules:
  Rule: false >=25 -> "Valid"
  Rule: false <25 -> "Invalid"
  Rule: true -> "Invalid"
DMN file reloaded. Decision key: entry_level_camunda_exercise_v1_0
DMN model instance changed - new file loaded
Evaluating DMN decision: entry_level_camunda_exercise_v1_0 with variables: {dealMarginPercent=26.0, manualPriceCost=false}
DMN model instance hash: 2093613480
DMN evaluation result: Valid
Evaluating condition: quoteValidity = "Invalid"
  quoteValidity value: Valid
  Condition result: false
Using default flow -> Set Status (3000)
Mapped variables for DMN: dealMarginPercent=30.0, manualPriceCost=false
Evaluating DMN with variables: {dealMarginPercent=30.0, manualPriceCost=false}
DMN Decision Table Rules:
  Rule: false >=25 -> "Valid"
  Rule: false <25 -> "Invalid"
  Rule: true -> "Invalid"
DMN file reloaded. Decision key: entry_level_camunda_exercise_v1_0
DMN model instance changed - new file loaded
Evaluating DMN decision: entry_level_camunda_exercise_v1_0 with variables: {dealMarginPercent=30.0, manualPriceCost=false}
DMN model instance hash: 1476116591
DMN evaluation result: Valid
Evaluating DMN with variables: {dealMarginPercent=30.0, manualPriceCost=false}
DMN Decision Table Rules:
  Rule: false >=25 -> "Valid"
  Rule: false <25 -> "Invalid"
  Rule: true -> "Invalid"
DMN file reloaded. Decision key: entry_level_camunda_exercise_v1_0
DMN model instance changed - new file loaded
Evaluating DMN decision: entry_level_camunda_exercise_v1_0 with variables: {dealMarginPercent=30.0, manualPriceCost=false}
DMN model instance hash: 1168942230
DMN evaluation result: Valid
Evaluating condition: quoteValidity = "Invalid"
  quoteValidity value: Valid
  Condition result: false
Using default flow -> Set Status (3000)
Mapped variables for DMN: dealMarginPercent=100.0, manualPriceCost=false
Evaluating DMN with variables: {dealMarginPercent=100.0, manualPriceCost=false}
DMN Decision Table Rules:
  Rule: false >=25 -> "Valid"
  Rule: false <25 -> "Invalid"
  Rule: true -> "Invalid"
DMN file reloaded. Decision key: entry_level_camunda_exercise_v1_0
DMN model instance changed - new file loaded
Evaluating DMN decision: entry_level_camunda_exercise_v1_0 with variables: {dealMarginPercent=100.0, manualPriceCost=false}
DMN model instance hash: 2034046523
DMN evaluation result: Valid
Evaluating DMN with variables: {dealMarginPercent=100.0, manualPriceCost=false}
DMN Decision Table Rules:
  Rule: false >=25 -> "Valid"
  Rule: false <25 -> "Invalid"
  Rule: true -> "Invalid"
DMN file reloaded. Decision key: entry_level_camunda_exercise_v1_0
DMN model instance changed - new file loaded
Evaluating DMN decision: entry_level_camunda_exercise_v1_0 with variables: {dealMarginPercent=100.0, manualPriceCost=false}
DMN model instance hash: 796168203
DMN evaluation result: Valid
Evaluating condition: quoteValidity = "Invalid"
  quoteValidity value: Valid
  Condition result: false
Using default flow -> Set Status (3000)

========== BPMN Validation Results ==========
  [PASS] Manual Pricing - Invalid: expected=Invalid, actual=Invalid
       Path: PASS | actual: Start → Prepare Values for DMN (1000) → Look-up Result (2000) → Test Result → Set Status (4000) → Terminate
  [PASS] Manual with Zero Margin: expected=Invalid, actual=Invalid
       Path: PASS | actual: Start → Prepare Values for DMN (1000) → Look-up Result (2000) → Test Result → Set Status (4000) → Terminate
  [PASS] Manual with High Margin: expected=Invalid, actual=Invalid
       Path: PASS | actual: Start → Prepare Values for DMN (1000) → Look-up Result (2000) → Test Result → Set Status (4000) → Terminate
  [PASS] Low Margin - Invalid: expected=Invalid, actual=Invalid
       Path: PASS | actual: Start → Prepare Values for DMN (1000) → Look-up Result (2000) → Test Result → Set Status (4000) → Terminate
  [PASS] Zero Margin: expected=Invalid, actual=Invalid
       Path: PASS | actual: Start → Prepare Values for DMN (1000) → Look-up Result (2000) → Test Result → Set Status (4000) → Terminate
  [PASS] One Percent Margin: expected=Invalid, actual=Invalid
       Path: PASS | actual: Start → Prepare Values for DMN (1000) → Look-up Result (2000) → Test Result → Set Status (4000) → Terminate
  [PASS] 23% Margin: expected=Invalid, actual=Invalid
       Path: PASS | actual: Start → Prepare Values for DMN (1000) → Look-up Result (2000) → Test Result → Set Status (4000) → Terminate
  [PASS] Just Below 25% - 24.99: expected=Invalid, actual=Invalid
       Path: PASS | actual: Start → Prepare Values for DMN (1000) → Look-up Result (2000) → Test Result → Set Status (4000) → Terminate
  [PASS] Just Below 25% - 24.9: expected=Invalid, actual=Invalid
       Path: PASS | actual: Start → Prepare Values for DMN (1000) → Look-up Result (2000) → Test Result → Set Status (4000) → Terminate
  [PASS] Valid - Exactly 25%: expected=Valid, actual=Valid
       Path: PASS | actual: Start → Prepare Values for DMN (1000) → Look-up Result (2000) → Test Result → Set Status (3000) → Terminate
  [PASS] Just Above 25% - 25.01: expected=Valid, actual=Valid
       Path: PASS | actual: Start → Prepare Values for DMN (1000) → Look-up Result (2000) → Test Result → Set Status (3000) → Terminate
  [PASS] Just Above 25% - 25.1: expected=Valid, actual=Valid
       Path: PASS | actual: Start → Prepare Values for DMN (1000) → Look-up Result (2000) → Test Result → Set Status (3000) → Terminate
  [PASS] 26% Margin: expected=Valid, actual=Valid
       Path: PASS | actual: Start → Prepare Values for DMN (1000) → Look-up Result (2000) → Test Result → Set Status (3000) → Terminate
  [PASS] High Margin - 30%: expected=Valid, actual=Valid
       Path: PASS | actual: Start → Prepare Values for DMN (1000) → Look-up Result (2000) → Test Result → Set Status (3000) → Terminate
  [PASS] Very High Margin - 100%: expected=Valid, actual=Valid
       Path: PASS | actual: Start → Prepare Values for DMN (1000) → Look-up Result (2000) → Test Result → Set Status (3000) → Terminate
  [PASS] Reject dealMarginPercent as string: expected=Rejected, actual=Rejected: dealMarginPercent must be a number
  [PASS] Reject dealMarginPercent as boolean: expected=Rejected, actual=Rejected: dealMarginPercent must be a number
  [PASS] Reject manualPriceCost as string: expected=Rejected, actual=Rejected: manualPriceCost must be a boolean (true or false)
  [PASS] Reject manualPriceCost as number: expected=Rejected, actual=Rejected: manualPriceCost must be a boolean (true or false)
  [PASS] Reject missing manualPriceCost: expected=Rejected, actual=Rejected: manualPriceCost is required
  [PASS] Reject missing dealMarginPercent: expected=Rejected, actual=Rejected: dealMarginPercent is required
==============================================
  Result: BPMN is valid
==============================================

]]></system-out>
  </testcase>
  <testcase name="testManualPricingInvalid" classname="com.camunda.simulator.ProcessEngineTest" time="0.019">
    <system-out><![CDATA[DMN Decision Table Rules:
  Rule: false >=25 -> "Valid"
  Rule: false <25 -> "Invalid"
  Rule: true -> "Invalid"
DMN file reloaded. Decision key: entry_level_camunda_exercise_v1_0
Mapped variables for DMN: dealMarginPercent=30.0, manualPriceCost=true
Evaluating DMN with variables: {dealMarginPercent=30.0, manualPriceCost=true}
DMN Decision Table Rules:
  Rule: false >=25 -> "Valid"
  Rule: false <25 -> "Invalid"
  Rule: true -> "Invalid"
DMN file reloaded. Decision key: entry_level_camunda_exercise_v1_0
DMN model instance changed - new file loaded
Evaluating DMN decision: entry_level_camunda_exercise_v1_0 with variables: {dealMarginPercent=30.0, manualPriceCost=true}
DMN model instance hash: 1579610605
DMN evaluation result: Invalid
Evaluating DMN with variables: {dealMarginPercent=30.0, manualPriceCost=true}
DMN Decision Table Rules:
  Rule: false >=25 -> "Valid"
  Rule: false <25 -> "Invalid"
  Rule: true -> "Invalid"
DMN file reloaded. Decision key: entry_level_camunda_exercise_v1_0
DMN model instance changed - new file loaded
Evaluating DMN decision: entry_level_camunda_exercise_v1_0 with variables: {dealMarginPercent=30.0, manualPriceCost=true}
DMN model instance hash: 718057154
DMN evaluation result: Invalid
Evaluating condition: quoteValidity = "Invalid"
  quoteValidity value: Invalid
  Condition result: true
Gateway condition matched: =quoteValidity = "Invalid" -> Set Status (4000)
]]></system-out>
  </testcase>
  <testcase name="testValidScenario" classname="com.camunda.simulator.ProcessEngineTest" time="0.018">
    <system-out><![CDATA[DMN Decision Table Rules:
  Rule: false >=25 -> "Valid"
  Rule: false <25 -> "Invalid"
  Rule: true -> "Invalid"
DMN file reloaded. Decision key: entry_level_camunda_exercise_v1_0
Mapped variables for DMN: dealMarginPercent=25.0, manualPriceCost=false
Evaluating DMN with variables: {dealMarginPercent=25.0, manualPriceCost=false}
DMN Decision Table Rules:
  Rule: false >=25 -> "Valid"
  Rule: false <25 -> "Invalid"
  Rule: true -> "Invalid"
DMN file reloaded. Decision key: entry_level_camunda_exercise_v1_0
DMN model instance changed - new file loaded
Evaluating DMN decision: entry_level_camunda_exercise_v1_0 with variables: {dealMarginPercent=25.0, manualPriceCost=false}
DMN model instance hash: 1610014012
DMN evaluation result: Valid
Evaluating DMN with variables: {dealMarginPercent=25.0, manualPriceCost=false}
DMN Decision Table Rules:
  Rule: false >=25 -> "Valid"
  Rule: false <25 -> "Invalid"
  Rule: true -> "Invalid"
DMN file reloaded. Decision key: entry_level_camunda_exercise_v1_0
DMN model instance changed - new file loaded
Evaluating DMN decision: entry_level_camunda_exercise_v1_0 with variables: {dealMarginPercent=25.0, manualPriceCost=false}
DMN model instance hash: 839457812
DMN evaluation result: Valid
Evaluating condition: quoteValidity = "Invalid"
  quoteValidity value: Valid
  Condition result: false
Using default flow -> Set Status (3000)
]]></system-out>
  </testcase>
  <testcase name="testLowMarginInvalid" classname="com.camunda.simulator.ProcessEngineTest" time="0.015">
    <system-out><![CDATA[DMN Decision Table Rules:
  Rule: false >=25 -> "Valid"
  Rule: false <25 -> "Invalid"
  Rule: true -> "Invalid"
DMN file reloaded. Decision key: entry_level_camunda_exercise_v1_0
Mapped variables for DMN: dealMarginPercent=24.0, manualPriceCost=false
Evaluating DMN with variables: {dealMarginPercent=24.0, manualPriceCost=false}
DMN Decision Table Rules:
  Rule: false >=25 -> "Valid"
  Rule: false <25 -> "Invalid"
  Rule: true -> "Invalid"
DMN file reloaded. Decision key: entry_level_camunda_exercise_v1_0
DMN model instance changed - new file loaded
Evaluating DMN decision: entry_level_camunda_exercise_v1_0 with variables: {dealMarginPercent=24.0, manualPriceCost=false}
DMN model instance hash: 2131465140
DMN evaluation result: Invalid
Evaluating DMN with variables: {dealMarginPercent=24.0, manualPriceCost=false}
DMN Decision Table Rules:
  Rule: false >=25 -> "Valid"
  Rule: false <25 -> "Invalid"
  Rule: true -> "Invalid"
DMN file reloaded. Decision key: entry_level_camunda_exercise_v1_0
DMN model instance changed - new file loaded
Evaluating DMN decision: entry_level_camunda_exercise_v1_0 with variables: {dealMarginPercent=24.0, manualPriceCost=false}
DMN model instance hash: 1726054143
DMN evaluation result: Invalid
Evaluating condition: quoteValidity = "Invalid"
  quoteValidity value: Invalid
  Condition result: true
Gateway condition matched: =quoteValidity = "Invalid" -> Set Status (4000)
]]></system-out>
  </testcase>
</testsuite>